<?xml version="1.0" encoding="UTF-8"?><testsuites>
    <testsuite name="examples.runtime.IteratingThroughLinkedListUsingGetTest" tests="1" id="1" package="" time="0" hostname="jive" timestamp="2014-07-22T13:42:54" failures="0" errors="0">
        <properties/>
        <testcase name="test" classname="examples.runtime.IteratingThroughLinkedListUsingGetTest" time="10.885"/>
        <system-out/>
        <system-err/>
    </testsuite>
    <testsuite name="examples.junit4.MoneyTest" tests="23" id="2" package="" time="0" hostname="jive" timestamp="2014-07-22T13:42:54" failures="0" errors="0">
        <properties/>
        <testcase name="testSimpleSubtract" classname="examples.junit4.MoneyTest" time="3600.022"/>
        <testcase name="testNormalize2" classname="examples.junit4.MoneyTest" time="0.007"/>
        <testcase name="testNormalize3" classname="examples.junit4.MoneyTest" time="0.016"/>
        <testcase name="testNormalize4" classname="examples.junit4.MoneyTest" time="0.003"/>
        <testcase name="testBagNotEquals" classname="examples.junit4.MoneyTest" time="0.002"/>
        <testcase name="testBagSubtract" classname="examples.junit4.MoneyTest" time="0.002"/>
        <testcase name="testSimpleAdd" classname="examples.junit4.MoneyTest" time="0.000"/>
        <testcase name="zeroMoniesAreEqualRegardlessOfCurrency" classname="examples.junit4.MoneyTest" time="0.001"/>
        <testcase name="testPrint" classname="examples.junit4.MoneyTest" time="0.001"/>
        <testcase name="testMoneyHash" classname="examples.junit4.MoneyTest" time="0.001"/>
        <testcase name="testSimpleBagAdd" classname="examples.junit4.MoneyTest" time="0.001"/>
        <testcase name="testBagSimpleAdd" classname="examples.junit4.MoneyTest" time="0.001"/>
        <testcase name="testSimpleNegate" classname="examples.junit4.MoneyTest" time="0.001"/>
        <testcase name="testMoneyBagHash" classname="examples.junit4.MoneyTest" time="0.004"/>
        <testcase name="testBagNegate" classname="examples.junit4.MoneyTest" time="0.002"/>
        <testcase name="testSimpleMultiply" classname="examples.junit4.MoneyTest" time="0.008"/>
        <testcase name="testBagSumAdd" classname="examples.junit4.MoneyTest" time="0.003"/>
        <testcase name="testMoneyBagEquals" classname="examples.junit4.MoneyTest" time="0.001"/>
        <testcase name="testBagMultiply" classname="examples.junit4.MoneyTest" time="0.001"/>
        <testcase name="testSimplify" classname="examples.junit4.MoneyTest" time="0.000"/>
        <testcase name="testIsZero" classname="examples.junit4.MoneyTest" time="0.002"/>
        <testcase name="testMoneyEquals" classname="examples.junit4.MoneyTest" time="0.000"/>
        <testcase name="testMixedSimpleAdd" classname="examples.junit4.MoneyTest" time="0.000"/>
        <system-out/>
        <system-err/>
    </testsuite>
    <testsuite name="examples.runtime.IteratingThroughLinkedListUsingGetFixedTest" tests="1" id="3" package="" time="0" hostname="jive" timestamp="2014-07-22T13:42:54" failures="0" errors="0">
        <properties/>
        <testcase name="test" classname="examples.runtime.IteratingThroughLinkedListUsingGetFixedTest" time="0.000"/>
        <system-out/>
        <system-err/>
    </testsuite>
    <testsuite name="examples.stubs.FileExampleTest" tests="1" id="4" package="" time="0" hostname="jive" timestamp="2014-07-22T13:42:54" failures="0" errors="0">
        <properties/>
        <testcase name="testAnalyze" classname="examples.stubs.FileExampleTest" time="0.019"/>
        <system-out/>
        <system-err/>
    </testsuite>
    <testsuite name="examples.runtime.NonSymmetricEqualsFixedTest" tests="1" id="5" package="" time="0" hostname="jive" timestamp="2014-07-22T13:42:54" failures="0" errors="0">
        <properties/>
        <testcase name="test" classname="examples.runtime.NonSymmetricEqualsFixedTest" time="0.000"/>
        <system-out/>
        <system-err/>
    </testsuite>
    <testsuite name="examples.stubs.ConstructorExampleTest" tests="1" id="6" package="" time="0" hostname="jive" timestamp="2014-07-22T13:42:54" failures="0" errors="0">
        <properties/>
        <testcase name="testGetFileLengthPowerMockito" classname="examples.stubs.ConstructorExampleTest" time="0.192"/>
        <system-out/>
        <system-err/>
    </testsuite>
    <testsuite name="examples.runtime.AccessingFileSimultaneouslyFixedTest" tests="1" id="7" package="" time="0" hostname="jive" timestamp="2014-07-22T13:42:54" failures="0" errors="0">
        <properties/>
        <testcase name="test" classname="examples.runtime.AccessingFileSimultaneouslyFixedTest" time="0.001"/>
        <system-out/>
        <system-err/>
    </testsuite>
    <testsuite name="examples.servlets.ExampleServletTest" tests="4" id="8" package="" time="0" hostname="jive" timestamp="2014-07-22T13:42:54" failures="0" errors="0">
        <properties/>
        <testcase name="testTryThis1" classname="examples.servlets.ExampleServletTest" time="0.000"/>
        <testcase name="testTryThis2" classname="examples.servlets.ExampleServletTest" time="0.168"/>
        <testcase name="testTryThis3" classname="examples.servlets.ExampleServletTest" time="0.004"/>
        <testcase name="testTryThis4" classname="examples.servlets.ExampleServletTest" time="0.001"/>
        <system-out/>
        <system-err/>
    </testsuite>
    <testsuite name="examples.runtime.AddTest" tests="1" id="9" package="" time="0" hostname="jive" timestamp="2014-07-22T13:42:54" failures="1" errors="0">
        <properties/>
        <testcase name="testAdd" classname="examples.runtime.AddTest" time="0.000">
            <failure type="Failure">junit.framework.AssertionFailedError: expected:&lt;2147483650&gt; but was:&lt;-2147483646&gt;
	at junit.framework.Assertfail(Assert.java:57)
	at junit.framework.AssertfailNotEquals(Assert.java:329)
	at junit.framework.AssertassertEquals(Assert.java:78)
	at junit.framework.AssertassertEquals(Assert.java:86)
	at junit.framework.TestCaseassertEquals(TestCase.java:253)
	at examples.runtime.AddTesttestAdd(AddTest.java:13)
	at sun.reflect.NativeMethodAccessorImplinvoke0(-2)
	at sun.reflect.NativeMethodAccessorImplinvoke(NativeMethodAccessorImpl.java:62)
	at sun.reflect.DelegatingMethodAccessorImplinvoke(DelegatingMethodAccessorImpl.java:43)
	at java.lang.reflect.Methodinvoke(Method.java:483)
	at junit.framework.TestCaserunTest(TestCase.java:176)
	at junit.framework.TestCaserunBare(TestCase.java:141)
	at junit.framework.TestResult$1protect(TestResult.java:122)
	at junit.framework.TestResultrunProtected(TestResult.java:142)
	at junit.framework.TestResultrun(TestResult.java:125)
	at junit.framework.TestCaserun(TestCase.java:129)
	at junit.framework.TestSuiterunTest(TestSuite.java:255)
	at junit.framework.TestSuiterun(TestSuite.java:250)
	at org.junit.internal.runners.JUnit38ClassRunnerrun(JUnit38ClassRunner.java:84)
	at org.apache.maven.surefire.junit4.JUnit4Providerexecute(JUnit4Provider.java:252)
	at org.apache.maven.surefire.junit4.JUnit4ProviderexecuteTestSet(JUnit4Provider.java:141)
	at org.apache.maven.surefire.junit4.JUnit4Providerinvoke(JUnit4Provider.java:112)
	at sun.reflect.NativeMethodAccessorImplinvoke0(-2)
	at sun.reflect.NativeMethodAccessorImplinvoke(NativeMethodAccessorImpl.java:62)
	at sun.reflect.DelegatingMethodAccessorImplinvoke(DelegatingMethodAccessorImpl.java:43)
	at java.lang.reflect.Methodinvoke(Method.java:483)
	at org.apache.maven.surefire.util.ReflectionUtilsinvokeMethodWithArray(ReflectionUtils.java:189)
	at org.apache.maven.surefire.booter.ProviderFactory$ProviderProxyinvoke(ProviderFactory.java:165)
	at org.apache.maven.surefire.booter.ProviderFactoryinvokeProvider(ProviderFactory.java:85)
	at org.apache.maven.surefire.booter.ForkedBooterrunSuitesInProcess(ForkedBooter.java:115)
	at org.apache.maven.surefire.booter.ForkedBootermain(ForkedBooter.java:75)</failure>
        </testcase>
        <system-out/>
        <system-err/>
    </testsuite>
    <testsuite name="examples.runtime.ExitingFinallyBlockAbruptlyFixedTest" tests="1" id="10" package="" time="0" hostname="jive" timestamp="2014-07-22T13:42:54" failures="0" errors="1">
        <properties/>
        <testcase name="test" classname="examples.runtime.ExitingFinallyBlockAbruptlyFixedTest" time="0.000">
            <error type="Error">java.io.FileNotFoundException: non_existing_file.tmp (Nie ma takiego pliku ani katalogu)
	at java.io.FileInputStreamopen(-2)
	at java.io.FileInputStream&lt;init&gt;(FileInputStream.java:131)
	at java.io.FileInputStream&lt;init&gt;(FileInputStream.java:87)
	at examples.runtime.ExitingFinallyBlockAbruptlyFixedTesttest(ExitingFinallyBlockAbruptlyFixedTest.java:21)
	at sun.reflect.NativeMethodAccessorImplinvoke0(-2)
	at sun.reflect.NativeMethodAccessorImplinvoke(NativeMethodAccessorImpl.java:62)
	at sun.reflect.DelegatingMethodAccessorImplinvoke(DelegatingMethodAccessorImpl.java:43)
	at java.lang.reflect.Methodinvoke(Method.java:483)
	at junit.framework.TestCaserunTest(TestCase.java:176)
	at junit.framework.TestCaserunBare(TestCase.java:141)
	at junit.framework.TestResult$1protect(TestResult.java:122)
	at junit.framework.TestResultrunProtected(TestResult.java:142)
	at junit.framework.TestResultrun(TestResult.java:125)
	at junit.framework.TestCaserun(TestCase.java:129)
	at junit.framework.TestSuiterunTest(TestSuite.java:255)
	at junit.framework.TestSuiterun(TestSuite.java:250)
	at org.junit.internal.runners.JUnit38ClassRunnerrun(JUnit38ClassRunner.java:84)
	at org.apache.maven.surefire.junit4.JUnit4Providerexecute(JUnit4Provider.java:252)
	at org.apache.maven.surefire.junit4.JUnit4ProviderexecuteTestSet(JUnit4Provider.java:141)
	at org.apache.maven.surefire.junit4.JUnit4Providerinvoke(JUnit4Provider.java:112)
	at sun.reflect.NativeMethodAccessorImplinvoke0(-2)
	at sun.reflect.NativeMethodAccessorImplinvoke(NativeMethodAccessorImpl.java:62)
	at sun.reflect.DelegatingMethodAccessorImplinvoke(DelegatingMethodAccessorImpl.java:43)
	at java.lang.reflect.Methodinvoke(Method.java:483)
	at org.apache.maven.surefire.util.ReflectionUtilsinvokeMethodWithArray(ReflectionUtils.java:189)
	at org.apache.maven.surefire.booter.ProviderFactory$ProviderProxyinvoke(ProviderFactory.java:165)
	at org.apache.maven.surefire.booter.ProviderFactoryinvokeProvider(ProviderFactory.java:85)
	at org.apache.maven.surefire.booter.ForkedBooterrunSuitesInProcess(ForkedBooter.java:115)
	at org.apache.maven.surefire.booter.ForkedBootermain(ForkedBooter.java:75)</error>
        </testcase>
        <system-out/>
        <system-err/>
    </testsuite>
    <testsuite name="examples.stubs.InterpreterTest" tests="1" id="11" package="" time="0" hostname="jive" timestamp="2014-07-22T13:42:54" failures="1" errors="0">
        <properties/>
        <testcase name="testAdd34" classname="examples.stubs.InterpreterTest" time="0.198">
            <failure type="Failure">java.lang.AssertionError: value is:-1
	at org.junit.Assertfail(Assert.java:88)
	at org.junit.AssertassertTrue(Assert.java:41)
	at examples.stubs.InterpreterTesttestAdd34(InterpreterTest.java:42)
	at sun.reflect.NativeMethodAccessorImplinvoke0(-2)
	at sun.reflect.NativeMethodAccessorImplinvoke(NativeMethodAccessorImpl.java:62)
	at sun.reflect.DelegatingMethodAccessorImplinvoke(DelegatingMethodAccessorImpl.java:43)
	at java.lang.reflect.Methodinvoke(Method.java:483)
	at org.junit.internal.runners.TestMethodinvoke(TestMethod.java:68)
	at org.powermock.modules.junit4.internal.impl.PowerMockJUnit44RunnerDelegateImpl$PowerMockJUnit44MethodRunnerrunTestMethod(PowerMockJUnit44RunnerDelegateImpl.java:310)
	at org.junit.internal.runners.MethodRoadie$2run(MethodRoadie.java:88)
	at org.junit.internal.runners.MethodRoadierunBeforesThenTestThenAfters(MethodRoadie.java:96)
	at org.powermock.modules.junit4.internal.impl.PowerMockJUnit44RunnerDelegateImpl$PowerMockJUnit44MethodRunnerexecuteTest(PowerMockJUnit44RunnerDelegateImpl.java:294)
	at org.powermock.modules.junit4.internal.impl.PowerMockJUnit47RunnerDelegateImpl$PowerMockJUnit47MethodRunnerexecuteTestInSuper(PowerMockJUnit47RunnerDelegateImpl.java:127)
	at org.powermock.modules.junit4.internal.impl.PowerMockJUnit47RunnerDelegateImpl$PowerMockJUnit47MethodRunnerexecuteTest(PowerMockJUnit47RunnerDelegateImpl.java:82)
	at org.powermock.modules.junit4.internal.impl.PowerMockJUnit44RunnerDelegateImpl$PowerMockJUnit44MethodRunnerrunBeforesThenTestThenAfters(PowerMockJUnit44RunnerDelegateImpl.java:282)
	at org.junit.internal.runners.MethodRoadierunTest(MethodRoadie.java:86)
	at org.junit.internal.runners.MethodRoadierun(MethodRoadie.java:49)
	at org.powermock.modules.junit4.internal.impl.PowerMockJUnit44RunnerDelegateImplinvokeTestMethod(PowerMockJUnit44RunnerDelegateImpl.java:207)
	at org.powermock.modules.junit4.internal.impl.PowerMockJUnit44RunnerDelegateImplrunMethods(PowerMockJUnit44RunnerDelegateImpl.java:146)
	at org.powermock.modules.junit4.internal.impl.PowerMockJUnit44RunnerDelegateImpl$1run(PowerMockJUnit44RunnerDelegateImpl.java:120)
	at org.junit.internal.runners.ClassRoadierunUnprotected(ClassRoadie.java:33)
	at org.junit.internal.runners.ClassRoadierunProtected(ClassRoadie.java:45)
	at org.powermock.modules.junit4.internal.impl.PowerMockJUnit44RunnerDelegateImplrun(PowerMockJUnit44RunnerDelegateImpl.java:118)
	at org.powermock.modules.junit4.common.internal.impl.JUnit4TestSuiteChunkerImplrun(JUnit4TestSuiteChunkerImpl.java:104)
	at org.powermock.modules.junit4.common.internal.impl.AbstractCommonPowerMockRunnerrun(AbstractCommonPowerMockRunner.java:53)
	at org.powermock.modules.junit4.PowerMockRunnerrun(PowerMockRunner.java:53)
	at org.apache.maven.surefire.junit4.JUnit4Providerexecute(JUnit4Provider.java:252)
	at org.apache.maven.surefire.junit4.JUnit4ProviderexecuteTestSet(JUnit4Provider.java:141)
	at org.apache.maven.surefire.junit4.JUnit4Providerinvoke(JUnit4Provider.java:112)
	at sun.reflect.NativeMethodAccessorImplinvoke0(-2)
	at sun.reflect.NativeMethodAccessorImplinvoke(NativeMethodAccessorImpl.java:62)
	at sun.reflect.DelegatingMethodAccessorImplinvoke(DelegatingMethodAccessorImpl.java:43)
	at java.lang.reflect.Methodinvoke(Method.java:483)
	at org.apache.maven.surefire.util.ReflectionUtilsinvokeMethodWithArray(ReflectionUtils.java:189)
	at org.apache.maven.surefire.booter.ProviderFactory$ProviderProxyinvoke(ProviderFactory.java:165)
	at org.apache.maven.surefire.booter.ProviderFactoryinvokeProvider(ProviderFactory.java:85)
	at org.apache.maven.surefire.booter.ForkedBooterrunSuitesInProcess(ForkedBooter.java:115)
	at org.apache.maven.surefire.booter.ForkedBootermain(ForkedBooter.java:75)</failure>
        </testcase>
        <system-out/>
        <system-err/>
    </testsuite>
    <testsuite name="examples.nbank.AccountTest" tests="2" id="12" package="" time="0" hostname="jive" timestamp="2014-07-22T13:42:54" failures="0" errors="1">
        <properties/>
        <testcase name="testApply" classname="examples.nbank.AccountTest" time="0.002">
            <error type="Error">java.lang.NullPointerException: java.lang.NullPointerException
	at examples.nbank.Customer.equals(Customer.java:54)
	at junit.framework.Assert.assertEquals(Assert.java:75)
	at junit.framework.Assert.assertEquals(Assert.java:86)
	at junit.framework.TestCase.assertEquals(TestCase.java:253)
	at examples.nbank.AccountTest.testApply(AccountTest.java:22)
	at sun.reflect.NativeMethodAccessorImpl.invoke0(Native Method)
	at sun.reflect.NativeMethodAccessorImpl.invoke(NativeMethodAccessorImpl.java:62)
	at sun.reflect.DelegatingMethodAccessorImpl.invoke(DelegatingMethodAccessorImpl.java:43)
	at java.lang.reflect.Method.invoke(Method.java:483)
	at junit.framework.TestCase.runTest(TestCase.java:176)
	at junit.framework.TestCase.runBare(TestCase.java:141)
	at junit.framework.TestResult$1.protect(TestResult.java:122)
	at junit.framework.TestResult.runProtected(TestResult.java:142)
	at junit.framework.TestResult.run(TestResult.java:125)
	at junit.framework.TestCase.run(TestCase.java:129)
	at junit.framework.TestSuite.runTest(TestSuite.java:255)
	at junit.framework.TestSuite.run(TestSuite.java:250)
	at org.junit.internal.runners.JUnit38ClassRunner.run(JUnit38ClassRunner.java:84)
	at org.apache.maven.surefire.junit4.JUnit4Provider.execute(JUnit4Provider.java:252)
	at org.apache.maven.surefire.junit4.JUnit4Provider.executeTestSet(JUnit4Provider.java:141)
	at org.apache.maven.surefire.junit4.JUnit4Provider.invoke(JUnit4Provider.java:112)
	at sun.reflect.NativeMethodAccessorImpl.invoke0(Native Method)
	at sun.reflect.NativeMethodAccessorImpl.invoke(NativeMethodAccessorImpl.java:62)
	at sun.reflect.DelegatingMethodAccessorImpl.invoke(DelegatingMethodAccessorImpl.java:43)
	at java.lang.reflect.Method.invoke(Method.java:483)
	at org.apache.maven.surefire.util.ReflectionUtils.invokeMethodWithArray(ReflectionUtils.java:189)
	at org.apache.maven.surefire.booter.ProviderFactory$ProviderProxy.invoke(ProviderFactory.java:165)
	at org.apache.maven.surefire.booter.ProviderFactory.invokeProvider(ProviderFactory.java:85)
	at org.apache.maven.surefire.booter.ForkedBooter.runSuitesInProcess(ForkedBooter.java:115)
	at org.apache.maven.surefire.booter.ForkedBooter.main(ForkedBooter.java:75)
	at examples.nbank.Customerequals(Customer.java:54)
	at junit.framework.AssertassertEquals(Assert.java:75)
	at junit.framework.AssertassertEquals(Assert.java:86)
	at junit.framework.TestCaseassertEquals(TestCase.java:253)
	at examples.nbank.AccountTesttestApply(AccountTest.java:22)
	at sun.reflect.NativeMethodAccessorImplinvoke0(-2)
	at sun.reflect.NativeMethodAccessorImplinvoke(NativeMethodAccessorImpl.java:62)
	at sun.reflect.DelegatingMethodAccessorImplinvoke(DelegatingMethodAccessorImpl.java:43)
	at java.lang.reflect.Methodinvoke(Method.java:483)
	at junit.framework.TestCaserunTest(TestCase.java:176)
	at junit.framework.TestCaserunBare(TestCase.java:141)
	at junit.framework.TestResult$1protect(TestResult.java:122)
	at junit.framework.TestResultrunProtected(TestResult.java:142)
	at junit.framework.TestResultrun(TestResult.java:125)
	at junit.framework.TestCaserun(TestCase.java:129)
	at junit.framework.TestSuiterunTest(TestSuite.java:255)
	at junit.framework.TestSuiterun(TestSuite.java:250)
	at org.junit.internal.runners.JUnit38ClassRunnerrun(JUnit38ClassRunner.java:84)
	at org.apache.maven.surefire.junit4.JUnit4Providerexecute(JUnit4Provider.java:252)
	at org.apache.maven.surefire.junit4.JUnit4ProviderexecuteTestSet(JUnit4Provider.java:141)
	at org.apache.maven.surefire.junit4.JUnit4Providerinvoke(JUnit4Provider.java:112)
	at sun.reflect.NativeMethodAccessorImplinvoke0(-2)
	at sun.reflect.NativeMethodAccessorImplinvoke(NativeMethodAccessorImpl.java:62)
	at sun.reflect.DelegatingMethodAccessorImplinvoke(DelegatingMethodAccessorImpl.java:43)
	at java.lang.reflect.Methodinvoke(Method.java:483)
	at org.apache.maven.surefire.util.ReflectionUtilsinvokeMethodWithArray(ReflectionUtils.java:189)
	at org.apache.maven.surefire.booter.ProviderFactory$ProviderProxyinvoke(ProviderFactory.java:165)
	at org.apache.maven.surefire.booter.ProviderFactoryinvokeProvider(ProviderFactory.java:85)
	at org.apache.maven.surefire.booter.ForkedBooterrunSuitesInProcess(ForkedBooter.java:115)
	at org.apache.maven.surefire.booter.ForkedBootermain(ForkedBooter.java:75)</error>
        </testcase>
        <testcase name="testApply2" classname="examples.nbank.AccountTest" time="0.001"/>
        <system-out/>
        <system-err/>
    </testsuite>
    <testsuite name="examples.runtime.AccessingFileSimultaneouslyTest" tests="1" id="13" package="" time="0" hostname="jive" timestamp="2014-07-22T13:42:54" failures="0" errors="0">
        <properties/>
        <testcase name="test" classname="examples.runtime.AccessingFileSimultaneouslyTest" time="0.003"/>
        <system-out/>
        <system-err/>
    </testsuite>
    <testsuite name="examples.runtime.ExitingFinallyBlockAbruptlyTest" tests="1" id="14" package="" time="0" hostname="jive" timestamp="2014-07-22T13:42:54" failures="0" errors="1">
        <properties/>
        <testcase name="test" classname="examples.runtime.ExitingFinallyBlockAbruptlyTest" time="0.000">
            <error type="Error">java.lang.NullPointerException: java.lang.NullPointerException
	at examples.runtime.ExitingFinallyBlockAbruptlyTest.test(ExitingFinallyBlockAbruptlyTest.java:25)
	at sun.reflect.NativeMethodAccessorImpl.invoke0(Native Method)
	at sun.reflect.NativeMethodAccessorImpl.invoke(NativeMethodAccessorImpl.java:62)
	at sun.reflect.DelegatingMethodAccessorImpl.invoke(DelegatingMethodAccessorImpl.java:43)
	at java.lang.reflect.Method.invoke(Method.java:483)
	at junit.framework.TestCase.runTest(TestCase.java:176)
	at junit.framework.TestCase.runBare(TestCase.java:141)
	at junit.framework.TestResult$1.protect(TestResult.java:122)
	at junit.framework.TestResult.runProtected(TestResult.java:142)
	at junit.framework.TestResult.run(TestResult.java:125)
	at junit.framework.TestCase.run(TestCase.java:129)
	at junit.framework.TestSuite.runTest(TestSuite.java:255)
	at junit.framework.TestSuite.run(TestSuite.java:250)
	at org.junit.internal.runners.JUnit38ClassRunner.run(JUnit38ClassRunner.java:84)
	at org.apache.maven.surefire.junit4.JUnit4Provider.execute(JUnit4Provider.java:252)
	at org.apache.maven.surefire.junit4.JUnit4Provider.executeTestSet(JUnit4Provider.java:141)
	at org.apache.maven.surefire.junit4.JUnit4Provider.invoke(JUnit4Provider.java:112)
	at sun.reflect.NativeMethodAccessorImpl.invoke0(Native Method)
	at sun.reflect.NativeMethodAccessorImpl.invoke(NativeMethodAccessorImpl.java:62)
	at sun.reflect.DelegatingMethodAccessorImpl.invoke(DelegatingMethodAccessorImpl.java:43)
	at java.lang.reflect.Method.invoke(Method.java:483)
	at org.apache.maven.surefire.util.ReflectionUtils.invokeMethodWithArray(ReflectionUtils.java:189)
	at org.apache.maven.surefire.booter.ProviderFactory$ProviderProxy.invoke(ProviderFactory.java:165)
	at org.apache.maven.surefire.booter.ProviderFactory.invokeProvider(ProviderFactory.java:85)
	at org.apache.maven.surefire.booter.ForkedBooter.runSuitesInProcess(ForkedBooter.java:115)
	at org.apache.maven.surefire.booter.ForkedBooter.main(ForkedBooter.java:75)
	at examples.runtime.ExitingFinallyBlockAbruptlyTesttest(ExitingFinallyBlockAbruptlyTest.java:25)
	at sun.reflect.NativeMethodAccessorImplinvoke0(-2)
	at sun.reflect.NativeMethodAccessorImplinvoke(NativeMethodAccessorImpl.java:62)
	at sun.reflect.DelegatingMethodAccessorImplinvoke(DelegatingMethodAccessorImpl.java:43)
	at java.lang.reflect.Methodinvoke(Method.java:483)
	at junit.framework.TestCaserunTest(TestCase.java:176)
	at junit.framework.TestCaserunBare(TestCase.java:141)
	at junit.framework.TestResult$1protect(TestResult.java:122)
	at junit.framework.TestResultrunProtected(TestResult.java:142)
	at junit.framework.TestResultrun(TestResult.java:125)
	at junit.framework.TestCaserun(TestCase.java:129)
	at junit.framework.TestSuiterunTest(TestSuite.java:255)
	at junit.framework.TestSuiterun(TestSuite.java:250)
	at org.junit.internal.runners.JUnit38ClassRunnerrun(JUnit38ClassRunner.java:84)
	at org.apache.maven.surefire.junit4.JUnit4Providerexecute(JUnit4Provider.java:252)
	at org.apache.maven.surefire.junit4.JUnit4ProviderexecuteTestSet(JUnit4Provider.java:141)
	at org.apache.maven.surefire.junit4.JUnit4Providerinvoke(JUnit4Provider.java:112)
	at sun.reflect.NativeMethodAccessorImplinvoke0(-2)
	at sun.reflect.NativeMethodAccessorImplinvoke(NativeMethodAccessorImpl.java:62)
	at sun.reflect.DelegatingMethodAccessorImplinvoke(DelegatingMethodAccessorImpl.java:43)
	at java.lang.reflect.Methodinvoke(Method.java:483)
	at org.apache.maven.surefire.util.ReflectionUtilsinvokeMethodWithArray(ReflectionUtils.java:189)
	at org.apache.maven.surefire.booter.ProviderFactory$ProviderProxyinvoke(ProviderFactory.java:165)
	at org.apache.maven.surefire.booter.ProviderFactoryinvokeProvider(ProviderFactory.java:85)
	at org.apache.maven.surefire.booter.ForkedBooterrunSuitesInProcess(ForkedBooter.java:115)
	at org.apache.maven.surefire.booter.ForkedBootermain(ForkedBooter.java:75)</error>
        </testcase>
        <system-out/>
        <system-err/>
    </testsuite>
    <testsuite name="examples.nbank.AccountJUnit4Test" tests="1" id="15" package="" time="0" hostname="jive" timestamp="2014-07-22T13:42:54" failures="0" errors="1">
        <properties/>
        <testcase name="testApply" classname="examples.nbank.AccountJUnit4Test" time="0.005">
            <error type="Error">java.lang.NullPointerException: java.lang.NullPointerException
	at examples.nbank.Customer.equals(Customer.java:54)
	at org.junit.Assert.isEquals(Assert.java:131)
	at org.junit.Assert.equalsRegardingNull(Assert.java:127)
	at org.junit.Assert.assertEquals(Assert.java:111)
	at org.junit.Assert.assertEquals(Assert.java:144)
	at examples.nbank.AccountJUnit4Test.testApply(AccountJUnit4Test.java:29)
	at sun.reflect.NativeMethodAccessorImpl.invoke0(Native Method)
	at sun.reflect.NativeMethodAccessorImpl.invoke(NativeMethodAccessorImpl.java:62)
	at sun.reflect.DelegatingMethodAccessorImpl.invoke(DelegatingMethodAccessorImpl.java:43)
	at java.lang.reflect.Method.invoke(Method.java:483)
	at org.junit.runners.model.FrameworkMethod$1.runReflectiveCall(FrameworkMethod.java:47)
	at org.junit.internal.runners.model.ReflectiveCallable.run(ReflectiveCallable.java:12)
	at org.junit.runners.model.FrameworkMethod.invokeExplosively(FrameworkMethod.java:44)
	at org.junit.internal.runners.statements.InvokeMethod.evaluate(InvokeMethod.java:17)
	at org.junit.runners.ParentRunner.runLeaf(ParentRunner.java:271)
	at org.junit.runners.BlockJUnit4ClassRunner.runChild(BlockJUnit4ClassRunner.java:70)
	at org.junit.runners.BlockJUnit4ClassRunner.runChild(BlockJUnit4ClassRunner.java:50)
	at org.junit.runners.ParentRunner$3.run(ParentRunner.java:238)
	at org.junit.runners.ParentRunner$1.schedule(ParentRunner.java:63)
	at org.junit.runners.ParentRunner.runChildren(ParentRunner.java:236)
	at org.junit.runners.ParentRunner.access$000(ParentRunner.java:53)
	at org.junit.runners.ParentRunner$2.evaluate(ParentRunner.java:229)
	at org.junit.runners.ParentRunner.run(ParentRunner.java:309)
	at org.apache.maven.surefire.junit4.JUnit4Provider.execute(JUnit4Provider.java:252)
	at org.apache.maven.surefire.junit4.JUnit4Provider.executeTestSet(JUnit4Provider.java:141)
	at org.apache.maven.surefire.junit4.JUnit4Provider.invoke(JUnit4Provider.java:112)
	at sun.reflect.NativeMethodAccessorImpl.invoke0(Native Method)
	at sun.reflect.NativeMethodAccessorImpl.invoke(NativeMethodAccessorImpl.java:62)
	at sun.reflect.DelegatingMethodAccessorImpl.invoke(DelegatingMethodAccessorImpl.java:43)
	at java.lang.reflect.Method.invoke(Method.java:483)
	at org.apache.maven.surefire.util.ReflectionUtils.invokeMethodWithArray(ReflectionUtils.java:189)
	at org.apache.maven.surefire.booter.ProviderFactory$ProviderProxy.invoke(ProviderFactory.java:165)
	at org.apache.maven.surefire.booter.ProviderFactory.invokeProvider(ProviderFactory.java:85)
	at org.apache.maven.surefire.booter.ForkedBooter.runSuitesInProcess(ForkedBooter.java:115)
	at org.apache.maven.surefire.booter.ForkedBooter.main(ForkedBooter.java:75)
	at examples.nbank.Customerequals(Customer.java:54)
	at org.junit.AssertisEquals(Assert.java:131)
	at org.junit.AssertequalsRegardingNull(Assert.java:127)
	at org.junit.AssertassertEquals(Assert.java:111)
	at org.junit.AssertassertEquals(Assert.java:144)
	at examples.nbank.AccountJUnit4TesttestApply(AccountJUnit4Test.java:29)
	at sun.reflect.NativeMethodAccessorImplinvoke0(-2)
	at sun.reflect.NativeMethodAccessorImplinvoke(NativeMethodAccessorImpl.java:62)
	at sun.reflect.DelegatingMethodAccessorImplinvoke(DelegatingMethodAccessorImpl.java:43)
	at java.lang.reflect.Methodinvoke(Method.java:483)
	at org.junit.runners.model.FrameworkMethod$1runReflectiveCall(FrameworkMethod.java:47)
	at org.junit.internal.runners.model.ReflectiveCallablerun(ReflectiveCallable.java:12)
	at org.junit.runners.model.FrameworkMethodinvokeExplosively(FrameworkMethod.java:44)
	at org.junit.internal.runners.statements.InvokeMethodevaluate(InvokeMethod.java:17)
	at org.junit.runners.ParentRunnerrunLeaf(ParentRunner.java:271)
	at org.junit.runners.BlockJUnit4ClassRunnerrunChild(BlockJUnit4ClassRunner.java:70)
	at org.junit.runners.BlockJUnit4ClassRunnerrunChild(BlockJUnit4ClassRunner.java:50)
	at org.junit.runners.ParentRunner$3run(ParentRunner.java:238)
	at org.junit.runners.ParentRunner$1schedule(ParentRunner.java:63)
	at org.junit.runners.ParentRunnerrunChildren(ParentRunner.java:236)
	at org.junit.runners.ParentRunneraccess$000(ParentRunner.java:53)
	at org.junit.runners.ParentRunner$2evaluate(ParentRunner.java:229)
	at org.junit.runners.ParentRunnerrun(ParentRunner.java:309)
	at org.apache.maven.surefire.junit4.JUnit4Providerexecute(JUnit4Provider.java:252)
	at org.apache.maven.surefire.junit4.JUnit4ProviderexecuteTestSet(JUnit4Provider.java:141)
	at org.apache.maven.surefire.junit4.JUnit4Providerinvoke(JUnit4Provider.java:112)
	at sun.reflect.NativeMethodAccessorImplinvoke0(-2)
	at sun.reflect.NativeMethodAccessorImplinvoke(NativeMethodAccessorImpl.java:62)
	at sun.reflect.DelegatingMethodAccessorImplinvoke(DelegatingMethodAccessorImpl.java:43)
	at java.lang.reflect.Methodinvoke(Method.java:483)
	at org.apache.maven.surefire.util.ReflectionUtilsinvokeMethodWithArray(ReflectionUtils.java:189)
	at org.apache.maven.surefire.booter.ProviderFactory$ProviderProxyinvoke(ProviderFactory.java:165)
	at org.apache.maven.surefire.booter.ProviderFactoryinvokeProvider(ProviderFactory.java:85)
	at org.apache.maven.surefire.booter.ForkedBooterrunSuitesInProcess(ForkedBooter.java:115)
	at org.apache.maven.surefire.booter.ForkedBootermain(ForkedBooter.java:75)</error>
        </testcase>
        <system-out/>
        <system-err/>
    </testsuite>
    <testsuite name="examples.runtime.NonSymmetricEqualsTest" tests="1" id="16" package="" time="0" hostname="jive" timestamp="2014-07-22T13:42:54" failures="0" errors="0">
        <properties/>
        <testcase name="testOne" classname="examples.runtime.NonSymmetricEqualsTest" time="0.000"/>
        <system-out/>
        <system-err/>
    </testsuite>
</testsuites>
